[debug] [2026-01-24T04:23:52.662Z] ----------------------------------------------------------------------
[debug] [2026-01-24T04:23:52.665Z] Command:       C:\Program Files\nodejs\node.exe C:\Users\wowth\AppData\Roaming\npm\node_modules\firebase-tools\lib\bin\firebase.js hosting:channel:list
[debug] [2026-01-24T04:23:52.665Z] CLI Version:   15.4.0
[debug] [2026-01-24T04:23:52.665Z] Platform:      win32
[debug] [2026-01-24T04:23:52.665Z] Node Version:  v24.12.0
[debug] [2026-01-24T04:23:52.665Z] Time:          Fri Jan 23 2026 20:23:52 GMT-0800 (Pacific Standard Time)
[debug] [2026-01-24T04:23:52.665Z] ----------------------------------------------------------------------
[debug] 
[debug] [2026-01-24T04:23:52.852Z] > command requires scopes: ["email","openid","https://www.googleapis.com/auth/cloudplatformprojects.readonly","https://www.googleapis.com/auth/firebase","https://www.googleapis.com/auth/cloud-platform"]
[debug] [2026-01-24T04:23:52.853Z] > authorizing via signed-in user (wowthisiseasytoremember@gmail.com)
[debug] [2026-01-24T04:23:52.853Z] [iam] checking project pwa-id-app for permissions ["firebase.projects.get","firebasehosting.sites.update"]
[debug] [2026-01-24T04:23:52.854Z] Checked if tokens are valid: false, expires at: 1769223777507
[debug] [2026-01-24T04:23:52.854Z] Checked if tokens are valid: false, expires at: 1769223777507
[debug] [2026-01-24T04:23:52.854Z] > refreshing access token with scopes: []
[debug] [2026-01-24T04:23:52.856Z] >>> [apiv2][query] POST https://www.googleapis.com/oauth2/v3/token [none]
[debug] [2026-01-24T04:23:52.856Z] >>> [apiv2][body] POST https://www.googleapis.com/oauth2/v3/token [omitted]
[debug] [2026-01-24T04:23:53.342Z] <<< [apiv2][status] POST https://www.googleapis.com/oauth2/v3/token 200
[debug] [2026-01-24T04:23:53.342Z] <<< [apiv2][body] POST https://www.googleapis.com/oauth2/v3/token [omitted]
[debug] [2026-01-24T04:23:53.348Z] >>> [apiv2][query] POST https://cloudresourcemanager.googleapis.com/v1/projects/pwa-id-app:testIamPermissions [none]
[debug] [2026-01-24T04:23:53.348Z] >>> [apiv2][(partial)header] POST https://cloudresourcemanager.googleapis.com/v1/projects/pwa-id-app:testIamPermissions x-goog-quota-user=projects/pwa-id-app
[debug] [2026-01-24T04:23:53.348Z] >>> [apiv2][body] POST https://cloudresourcemanager.googleapis.com/v1/projects/pwa-id-app:testIamPermissions {"permissions":["firebase.projects.get","firebasehosting.sites.update"]}
[debug] [2026-01-24T04:23:53.696Z] <<< [apiv2][status] POST https://cloudresourcemanager.googleapis.com/v1/projects/pwa-id-app:testIamPermissions 200
[debug] [2026-01-24T04:23:53.696Z] <<< [apiv2][body] POST https://cloudresourcemanager.googleapis.com/v1/projects/pwa-id-app:testIamPermissions {"permissions":["firebase.projects.get","firebasehosting.sites.update"]}
[debug] [2026-01-24T04:23:53.697Z] Checked if tokens are valid: true, expires at: 1769232232342
[debug] [2026-01-24T04:23:53.697Z] Checked if tokens are valid: true, expires at: 1769232232342
[debug] [2026-01-24T04:23:53.697Z] >>> [apiv2][query] GET https://firebase.googleapis.com/v1beta1/projects/pwa-id-app [none]
[debug] [2026-01-24T04:23:53.753Z] *** [apiv2] error from fetch(https://firebase.googleapis.com/v1beta1/projects/pwa-id-app, {"headers":{},"method":"GET","signal":{"reason":""}}): FetchError: request to https://firebase.googleapis.com/v1beta1/projects/pwa-id-app failed, reason: getaddrinfo ENOENT firebase.googleapis.com
[debug] [2026-01-24T04:23:53.754Z] Failed to make request to https://firebase.googleapis.com/v1beta1/projects/pwa-id-app (original: request to https://firebase.googleapis.com/v1beta1/projects/pwa-id-app failed, reason: getaddrinfo ENOENT firebase.googleapis.com)
[debug] [2026-01-24T04:23:53.784Z] FirebaseError: Failed to make request to https://firebase.googleapis.com/v1beta1/projects/pwa-id-app
    at RetryOperation._fn (C:\Users\wowth\AppData\Roaming\npm\node_modules\firebase-tools\lib\apiv2.js:274:31)
    at process.processTicksAndRejections (node:internal/process/task_queues:103:5)
[error] 
[error] Error: Failed to get Firebase project pwa-id-app. Please make sure the project exists and your account has permission to access it.
